2025-03-28 17:13:34.122451 - Received CBT.V508.FILE060.PDS from FILE060.XMI 
2025-03-28 17:13:34.127387 - Found $$$#DATE.txt (text/plain) in CBT.V508.FILE060.PDS, moved to PDS/$$$#DATE
2025-03-28 17:13:34.130655 - Found $$DOC.txt (text/plain) in CBT.V508.FILE060.PDS, moved to PDS/$$DOC
2025-03-28 17:13:34.133703 - Found @FILE060.txt (text/plain) in CBT.V508.FILE060.PDS, moved to PDS/@FILE060
2025-03-28 17:13:34.135615 - Found DATECONV.txt (text/plain) in CBT.V508.FILE060.PDS, moved to PDS/DATECONV
2025-03-28 17:13:34.141889 - Found DATEMVS.txt (text/plain) in CBT.V508.FILE060.PDS, moved to PDS/DATEMVS
2025-03-28 17:13:34.142827 - Found INIT.txt (text/plain) in CBT.V508.FILE060.PDS, moved to PDS/INIT
2025-03-28 17:13:34.143695 - Found KEYS.txt (text/plain) in CBT.V508.FILE060.PDS, moved to PDS/KEYS
2025-03-28 17:13:34.145216 - Found PARSE.txt (text/plain) in CBT.V508.FILE060.PDS, moved to PDS/PARSE
2025-03-28 17:13:34.146814 - Found PRSTRNG.txt (text/plain) in CBT.V508.FILE060.PDS, moved to PDS/PRSTRNG
2025-03-28 17:13:34.148269 - Found README.txt (text/plain) in CBT.V508.FILE060.PDS, moved to PDS/README
2025-03-28 17:13:34.148960 - Found REASMLNK.txt (text/plain) in CBT.V508.FILE060.PDS, moved to PDS/REASMLNK
2025-03-28 17:13:34.149810 - Found REG.txt (text/plain) in CBT.V508.FILE060.PDS, moved to PDS/REG
2025-03-28 17:13:34.150946 - Found RETURN72.txt (text/plain) in CBT.V508.FILE060.PDS, moved to PDS/RETURN72
2025-03-28 17:13:34.152093 - Found SSJES$05.txt (text/plain) in CBT.V508.FILE060.PDS, moved to PDS/SSJES$05
2025-03-28 17:13:34.152933 - Found SSJES$15.txt (text/plain) in CBT.V508.FILE060.PDS, moved to PDS/SSJES$15
2025-03-28 17:13:34.153631 - Found SSRALLOC.txt (text/plain) in CBT.V508.FILE060.PDS, moved to PDS/SSRALLOC
2025-03-28 17:13:34.154261 - Found SSRHLP00.txt (text/plain) in CBT.V508.FILE060.PDS, moved to PDS/SSRHLP00
2025-03-28 17:13:34.155351 - Found SSRHLP30.txt (text/plain) in CBT.V508.FILE060.PDS, moved to PDS/SSRHLP30
2025-03-28 17:13:34.156030 - Found SSRHLP31.txt (text/plain) in CBT.V508.FILE060.PDS, moved to PDS/SSRHLP31
2025-03-28 17:13:34.156829 - Found SSRHLP32.txt (text/plain) in CBT.V508.FILE060.PDS, moved to PDS/SSRHLP32
2025-03-28 17:13:34.158798 - Found SSRHLP33.txt (text/plain) in CBT.V508.FILE060.PDS, moved to PDS/SSRHLP33
2025-03-28 17:13:34.160282 - Found SSRHLP34.txt (text/plain) in CBT.V508.FILE060.PDS, moved to PDS/SSRHLP34
2025-03-28 17:13:34.161121 - Found SSRMS00.txt (text/plain) in CBT.V508.FILE060.PDS, moved to PDS/SSRMS00
2025-03-28 17:13:34.162110 - Found SSRMS01.txt (text/plain) in CBT.V508.FILE060.PDS, moved to PDS/SSRMS01
2025-03-28 17:13:34.163488 - Found SSRMS30.txt (text/plain) in CBT.V508.FILE060.PDS, moved to PDS/SSRMS30
2025-03-28 17:13:34.165406 - Found SSRMS90.txt (text/plain) in CBT.V508.FILE060.PDS, moved to PDS/SSRMS90
2025-03-28 17:13:34.166328 - Found SSRPNL00.txt (text/plain) in CBT.V508.FILE060.PDS, moved to PDS/SSRPNL00
2025-03-28 17:13:34.167777 - Found SSRPNL30.txt (text/plain) in CBT.V508.FILE060.PDS, moved to PDS/SSRPNL30
2025-03-28 17:13:34.168480 - Found SSRPNL31.txt (text/plain) in CBT.V508.FILE060.PDS, moved to PDS/SSRPNL31
2025-03-28 17:13:34.169627 - Found SSRPNL32.txt (text/plain) in CBT.V508.FILE060.PDS, moved to PDS/SSRPNL32
2025-03-28 17:13:34.170540 - Found SSRPNL33.txt (text/plain) in CBT.V508.FILE060.PDS, moved to PDS/SSRPNL33
2025-03-28 17:13:34.171802 - Found SSRPNL34.txt (text/plain) in CBT.V508.FILE060.PDS, moved to PDS/SSRPNL34
2025-03-28 17:13:34.172396 - Found SSRPRINT.txt (text/plain) in CBT.V508.FILE060.PDS, moved to PDS/SSRPRINT
2025-03-28 17:13:34.173999 - Found SSRPRNTC.txt (text/plain) in CBT.V508.FILE060.PDS, moved to PDS/SSRPRNTC
2025-03-28 17:13:34.176142 - Found SSRPRNTS.txt (text/plain) in CBT.V508.FILE060.PDS, moved to PDS/SSRPRNTS
2025-03-28 17:13:34.180526 - Found SSR01AR.txt (text/plain) in CBT.V508.FILE060.PDS, moved to PDS/SSR01AR
2025-03-28 17:13:34.181670 - Found SSR010PR.jcl (text/plain) in CBT.V508.FILE060.PDS, moved to PDS/SSR010PR
2025-03-28 17:13:34.182311 - Found SSR011PR.jcl (text/plain) in CBT.V508.FILE060.PDS, moved to PDS/SSR011PR
2025-03-28 17:13:34.184794 - Found SSXTEND.jcl (text/plain) in CBT.V508.FILE060.PDS, moved to PDS/SSXTEND
